app/build/intermediates/manifest_merge_blame_file/debug/processDebugMainManifest/manifest-merger-blame-debug-report.txt
1<?xml version="1.0" encoding="utf-8"?>
2<manifest xmlns:android="http://schemas.android.com/apk/res/android"
3    package="com.example.csestockinsight"
4    android:versionCode="1"
5    android:versionName="1.0" >
6
7    <uses-sdk
8        android:minSdkVersion="21"
9        android:targetSdkVersion="34" />
10    <!-- Internet permission for API calls -->
11    <uses-permission android:name="android.permission.INTERNET" />
11-->src\main\AndroidManifest.xml:4:5-67
11-->src\main\AndroidManifest.xml:4:22-64
12
13    <permission
13-->[androidx.core:core:1.13.0] AndroidManifest.xml:22:5-24:47
14        android:name="com.example.csestockinsight.DYNAMIC_RECEIVER_NOT_EXPORTED_PERMISSION"
14-->[androidx.core:core:1.13.0] AndroidManifest.xml:23:9-81
15        android:protectionLevel="signature" />
15-->[androidx.core:core:1.13.0] AndroidManifest.xml:24:9-44
16
17    <uses-permission android:name="com.example.csestockinsight.DYNAMIC_RECEIVER_NOT_EXPORTED_PERMISSION" />
17-->[androidx.core:core:1.13.0] AndroidManifest.xml:26:5-97
17-->[androidx.core:core:1.13.0] AndroidManifest.xml:26:22-94
18
19    <application
19-->src\main\AndroidManifest.xml:6:5-50:19
20        android:name="com.example.csestockinsight.CSEStockInsightApplication"
20-->src\main\AndroidManifest.xml:7:9-51
21        android:allowBackup="true"
21-->src\main\AndroidManifest.xml:8:9-35
22        android:appComponentFactory="androidx.core.app.CoreComponentFactory"
22-->[androidx.core:core:1.13.0] AndroidManifest.xml:28:18-86
23        android:debuggable="true"
24        android:extractNativeLibs="true"
25        android:label="CSE Stock Insight"
25-->src\main\AndroidManifest.xml:9:9-42
26        android:networkSecurityConfig="@xml/network_security_config"
26-->src\main\AndroidManifest.xml:10:9-69
27        android:supportsRtl="true"
27-->src\main\AndroidManifest.xml:11:9-35
28        android:theme="@style/Theme.CSEStockInsight" >
28-->src\main\AndroidManifest.xml:12:9-53
29        <activity
29-->src\main\AndroidManifest.xml:13:9-15:40
30            android:name="com.example.csestockinsight.newactivity"
30-->src\main\AndroidManifest.xml:14:13-40
31            android:exported="false" />
31-->src\main\AndroidManifest.xml:15:13-37
32        <!-- Authentication Entry - New launcher activity -->
33        <activity
33-->src\main\AndroidManifest.xml:17:9-26:20
34            android:name="com.example.csestockinsight.AuthEntryActivity"
34-->src\main\AndroidManifest.xml:18:13-46
35            android:exported="true"
35-->src\main\AndroidManifest.xml:19:13-36
36            android:theme="@style/Theme.CSEStockInsight" >
36-->src\main\AndroidManifest.xml:20:13-57
37            <intent-filter>
37-->src\main\AndroidManifest.xml:21:13-25:29
38                <action android:name="android.intent.action.MAIN" />
38-->src\main\AndroidManifest.xml:22:17-69
38-->src\main\AndroidManifest.xml:22:25-66
39
40                <category android:name="android.intent.category.LAUNCHER" />
40-->src\main\AndroidManifest.xml:24:17-77
40-->src\main\AndroidManifest.xml:24:27-74
41            </intent-filter>
42        </activity> <!-- Login Activity -->
43        <activity
43-->src\main\AndroidManifest.xml:27:9-30:60
44            android:name="com.example.csestockinsight.LoginActivity"
44-->src\main\AndroidManifest.xml:28:13-42
45            android:exported="false"
45-->src\main\AndroidManifest.xml:29:13-37
46            android:theme="@style/Theme.CSEStockInsight" /> <!-- Register Activity -->
46-->src\main\AndroidManifest.xml:30:13-57
47        <activity
47-->src\main\AndroidManifest.xml:31:9-34:60
48            android:name="com.example.csestockinsight.RegisterActivity"
48-->src\main\AndroidManifest.xml:32:13-45
49            android:exported="false"
49-->src\main\AndroidManifest.xml:33:13-37
50            android:theme="@style/Theme.CSEStockInsight" /> <!-- Main activity (accessed after login) -->
50-->src\main\AndroidManifest.xml:34:13-57
51        <activity
51-->src\main\AndroidManifest.xml:35:9-37:40
52            android:name="com.example.csestockinsight.MainActivity"
52-->src\main\AndroidManifest.xml:36:13-41
53            android:exported="false" /> <!-- Fundamental analysis screens -->
53-->src\main\AndroidManifest.xml:37:13-37
54        <activity
54-->src\main\AndroidManifest.xml:38:9-40:40
55            android:name="com.example.csestockinsight.FundamentalAnalyzerActivity"
55-->src\main\AndroidManifest.xml:39:13-56
56            android:exported="false" />
56-->src\main\AndroidManifest.xml:40:13-37
57        <activity
57-->src\main\AndroidManifest.xml:41:9-43:40
58            android:name="com.example.csestockinsight.CompanyDetailActivity"
58-->src\main\AndroidManifest.xml:42:13-50
59            android:exported="false" />
59-->src\main\AndroidManifest.xml:43:13-37
60        <activity
60-->src\main\AndroidManifest.xml:44:9-46:40
61            android:name="com.example.csestockinsight.FundamentalChartsActivity"
61-->src\main\AndroidManifest.xml:45:13-54
62            android:exported="false" /> <!-- Technical analysis screen -->
62-->src\main\AndroidManifest.xml:46:13-37
63        <activity
63-->src\main\AndroidManifest.xml:47:9-49:40
64            android:name="com.example.csestockinsight.TechnicalForecastActivity"
64-->src\main\AndroidManifest.xml:48:13-54
65            android:exported="false" />
65-->src\main\AndroidManifest.xml:49:13-37
66
67        <service
67-->[androidx.room:room-runtime:2.4.3] AndroidManifest.xml:25:9-28:40
68            android:name="androidx.room.MultiInstanceInvalidationService"
68-->[androidx.room:room-runtime:2.4.3] AndroidManifest.xml:26:13-74
69            android:directBootAware="true"
69-->[androidx.room:room-runtime:2.4.3] AndroidManifest.xml:27:13-43
70            android:exported="false" />
70-->[androidx.room:room-runtime:2.4.3] AndroidManifest.xml:28:13-37
71
72        <provider
72-->[androidx.emoji2:emoji2:1.0.0] AndroidManifest.xml:26:9-34:20
73            android:name="androidx.startup.InitializationProvider"
73-->[androidx.emoji2:emoji2:1.0.0] AndroidManifest.xml:27:13-67
74            android:authorities="com.example.csestockinsight.androidx-startup"
74-->[androidx.emoji2:emoji2:1.0.0] AndroidManifest.xml:28:13-68
75            android:exported="false" >
75-->[androidx.emoji2:emoji2:1.0.0] AndroidManifest.xml:29:13-37
76            <meta-data
76-->[androidx.emoji2:emoji2:1.0.0] AndroidManifest.xml:31:13-33:52
77                android:name="androidx.emoji2.text.EmojiCompatInitializer"
77-->[androidx.emoji2:emoji2:1.0.0] AndroidManifest.xml:32:17-75
78                android:value="androidx.startup" />
78-->[androidx.emoji2:emoji2:1.0.0] AndroidManifest.xml:33:17-49
79            <meta-data
79-->[androidx.lifecycle:lifecycle-process:2.6.2] AndroidManifest.xml:29:13-31:52
80                android:name="androidx.lifecycle.ProcessLifecycleInitializer"
80-->[androidx.lifecycle:lifecycle-process:2.6.2] AndroidManifest.xml:30:17-78
81                android:value="androidx.startup" />
81-->[androidx.lifecycle:lifecycle-process:2.6.2] AndroidManifest.xml:31:17-49
82            <meta-data
82-->[androidx.profileinstaller:profileinstaller:1.4.0] AndroidManifest.xml:29:13-31:52
83                android:name="androidx.profileinstaller.ProfileInstallerInitializer"
83-->[androidx.profileinstaller:profileinstaller:1.4.0] AndroidManifest.xml:30:17-85
84                android:value="androidx.startup" />
84-->[androidx.profileinstaller:profileinstaller:1.4.0] AndroidManifest.xml:31:17-49
85        </provider>
86
87        <receiver
87-->[androidx.profileinstaller:profileinstaller:1.4.0] AndroidManifest.xml:34:9-52:20
88            android:name="androidx.profileinstaller.ProfileInstallReceiver"
88-->[androidx.profileinstaller:profileinstaller:1.4.0] AndroidManifest.xml:35:13-76
89            android:directBootAware="false"
89-->[androidx.profileinstaller:profileinstaller:1.4.0] AndroidManifest.xml:36:13-44
90            android:enabled="true"
90-->[androidx.profileinstaller:profileinstaller:1.4.0] AndroidManifest.xml:37:13-35
91            android:exported="true"
91-->[androidx.profileinstaller:profileinstaller:1.4.0] AndroidManifest.xml:38:13-36
92            android:permission="android.permission.DUMP" >
92-->[androidx.profileinstaller:profileinstaller:1.4.0] AndroidManifest.xml:39:13-57
93            <intent-filter>
93-->[androidx.profileinstaller:profileinstaller:1.4.0] AndroidManifest.xml:40:13-42:29
94                <action android:name="androidx.profileinstaller.action.INSTALL_PROFILE" />
94-->[androidx.profileinstaller:profileinstaller:1.4.0] AndroidManifest.xml:41:17-91
94-->[androidx.profileinstaller:profileinstaller:1.4.0] AndroidManifest.xml:41:25-88
95            </intent-filter>
96            <intent-filter>
96-->[androidx.profileinstaller:profileinstaller:1.4.0] AndroidManifest.xml:43:13-45:29
97                <action android:name="androidx.profileinstaller.action.SKIP_FILE" />
97-->[androidx.profileinstaller:profileinstaller:1.4.0] AndroidManifest.xml:44:17-85
97-->[androidx.profileinstaller:profileinstaller:1.4.0] AndroidManifest.xml:44:25-82
98            </intent-filter>
99            <intent-filter>
99-->[androidx.profileinstaller:profileinstaller:1.4.0] AndroidManifest.xml:46:13-48:29
100                <action android:name="androidx.profileinstaller.action.SAVE_PROFILE" />
100-->[androidx.profileinstaller:profileinstaller:1.4.0] AndroidManifest.xml:47:17-88
100-->[androidx.profileinstaller:profileinstaller:1.4.0] AndroidManifest.xml:47:25-85
101            </intent-filter>
102            <intent-filter>
102-->[androidx.profileinstaller:profileinstaller:1.4.0] AndroidManifest.xml:49:13-51:29
103                <action android:name="androidx.profileinstaller.action.BENCHMARK_OPERATION" />
103-->[androidx.profileinstaller:profileinstaller:1.4.0] AndroidManifest.xml:50:17-95
103-->[androidx.profileinstaller:profileinstaller:1.4.0] AndroidManifest.xml:50:25-92
104            </intent-filter>
105        </receiver>
106    </application>
107
108</manifest>